<?xml version="1.0" encoding="UTF-8"?>
<!-- Generated by org.testng.reporters.JUnitXMLReporter -->
<testsuite ignored="24" hostname="IN-PG02P5S6" failures="0" tests="1" name="Surefire test" time="0.012" errors="0" timestamp="29 May 2022 06:49:52 GMT">
  <testcase classname="com.Selenium_assignment.tests.BaseTest" name="@BeforeSuite initializeWebDriver" time="2.04">
    <failure type="org.openqa.selenium.SessionNotCreatedException" message="session not created: This version of ChromeDriver only supports Chrome version 98
Current browser version is 101.0.4951.67 with binary path C:\Users\tanugupta02\AppData\Local\Google\Chrome\Application\chrome.exe
Build info: version: &amp;apos;3.141.59&amp;apos;, revision: &amp;apos;e82be7d358&amp;apos;, time: &amp;apos;2018-11-14T08:17:03&amp;apos;
System info: host: &amp;apos;IN-PG02P5S6&amp;apos;, ip: &amp;apos;192.168.1.5&amp;apos;, os.name: &amp;apos;Windows 10&amp;apos;, os.arch: &amp;apos;amd64&amp;apos;, os.version: &amp;apos;10.0&amp;apos;, java.version: &amp;apos;11.0.1&amp;apos;
Driver info: driver.version: ChromeDriver
remote stacktrace: Backtrace:
	Ordinal0 [0x00BD69A3+2582947]
	Ordinal0 [0x00B6A6D1+2139857]
	Ordinal0 [0x00A63A98+1063576]
	Ordinal0 [0x00A833B8+1192888]
	Ordinal0 [0x00A7F235+1176117]
	Ordinal0 [0x00A7C9E1+1165793]
	Ordinal0 [0x00AACFFF+1363967]
	Ordinal0 [0x00AACC2A+1362986]
	Ordinal0 [0x00AA8366+1344358]
	Ordinal0 [0x00A85176+1200502]
	Ordinal0 [0x00A86066+1204326]
	GetHandleVerifier [0x00D7BE02+1675858]
	GetHandleVerifier [0x00E3036C+2414524]
	GetHandleVerifier [0x00C6BB01+560977]
	GetHandleVerifier [0x00C6A8D3+556323]
	Ordinal0 [0x00B7020E+2163214]
	Ordinal0 [0x00B75078+2183288]
	Ordinal0 [0x00B751C0+2183616]
	Ordinal0 [0x00B7EE1C+2223644]
	BaseThreadInitThunk [0x75A06739+25]
	RtlGetFullPathName_UEx [0x775C8FEF+1215]
	RtlGetFullPathName_UEx [0x775C8FBD+1165]
">
      <![CDATA[org.openqa.selenium.SessionNotCreatedException: session not created: This version of ChromeDriver only supports Chrome version 98
Current browser version is 101.0.4951.67 with binary path C:\Users\tanugupta02\AppData\Local\Google\Chrome\Application\chrome.exe
Build info: version: '3.141.59', revision: 'e82be7d358', time: '2018-11-14T08:17:03'
System info: host: 'IN-PG02P5S6', ip: '192.168.1.5', os.name: 'Windows 10', os.arch: 'amd64', os.version: '10.0', java.version: '11.0.1'
Driver info: driver.version: ChromeDriver
remote stacktrace: Backtrace:
Ordinal0 [0x00BD69A3+2582947]
Ordinal0 [0x00B6A6D1+2139857]
Ordinal0 [0x00A63A98+1063576]
Ordinal0 [0x00A833B8+1192888]
Ordinal0 [0x00A7F235+1176117]
Ordinal0 [0x00A7C9E1+1165793]
Ordinal0 [0x00AACFFF+1363967]
Ordinal0 [0x00AACC2A+1362986]
Ordinal0 [0x00AA8366+1344358]
Ordinal0 [0x00A85176+1200502]
Ordinal0 [0x00A86066+1204326]
GetHandleVerifier [0x00D7BE02+1675858]
GetHandleVerifier [0x00E3036C+2414524]
GetHandleVerifier [0x00C6BB01+560977]
GetHandleVerifier [0x00C6A8D3+556323]
Ordinal0 [0x00B7020E+2163214]
Ordinal0 [0x00B75078+2183288]
Ordinal0 [0x00B751C0+2183616]
Ordinal0 [0x00B7EE1C+2223644]
BaseThreadInitThunk [0x75A06739+25]
RtlGetFullPathName_UEx [0x775C8FEF+1215]
RtlGetFullPathName_UEx [0x775C8FBD+1165]

at org.openqa.selenium.remote.W3CHandshakeResponse.lambda$errorHandler$0(W3CHandshakeResponse.java:62)
at org.openqa.selenium.remote.HandshakeResponse.lambda$getResponseFunction$0(HandshakeResponse.java:30)
at org.openqa.selenium.remote.ProtocolHandshake.lambda$createSession$0(ProtocolHandshake.java:126)
at java.base/java.util.stream.ReferencePipeline$3$1.accept(ReferencePipeline.java:195)
at java.base/java.util.Spliterators$ArraySpliterator.tryAdvance(Spliterators.java:958)
at java.base/java.util.stream.ReferencePipeline.forEachWithCancel(ReferencePipeline.java:127)
at java.base/java.util.stream.AbstractPipeline.copyIntoWithCancel(AbstractPipeline.java:502)
at java.base/java.util.stream.AbstractPipeline.copyInto(AbstractPipeline.java:488)
at java.base/java.util.stream.AbstractPipeline.wrapAndCopyInto(AbstractPipeline.java:474)
at java.base/java.util.stream.FindOps$FindOp.evaluateSequential(FindOps.java:150)
at java.base/java.util.stream.AbstractPipeline.evaluate(AbstractPipeline.java:234)
at java.base/java.util.stream.ReferencePipeline.findFirst(ReferencePipeline.java:543)
at org.openqa.selenium.remote.ProtocolHandshake.createSession(ProtocolHandshake.java:128)
at org.openqa.selenium.remote.ProtocolHandshake.createSession(ProtocolHandshake.java:74)
at org.openqa.selenium.remote.HttpCommandExecutor.execute(HttpCommandExecutor.java:136)
at org.openqa.selenium.remote.service.DriverCommandExecutor.execute(DriverCommandExecutor.java:83)
at org.openqa.selenium.remote.RemoteWebDriver.execute(RemoteWebDriver.java:552)
at org.openqa.selenium.remote.RemoteWebDriver.startSession(RemoteWebDriver.java:213)
at org.openqa.selenium.remote.RemoteWebDriver.<init>(RemoteWebDriver.java:131)
at org.openqa.selenium.chrome.ChromeDriver.<init>(ChromeDriver.java:181)
at org.openqa.selenium.chrome.ChromeDriver.<init>(ChromeDriver.java:168)
at org.openqa.selenium.chrome.ChromeDriver.<init>(ChromeDriver.java:157)
at com.Selenium_assignment.tests.BaseTest.initializeWebDriver(BaseTest.java:85)
... Removed 29 stack frames]]>
    </failure>
  </testcase> <!-- @BeforeSuite initializeWebDriver -->
  <testcase classname="com.Selenium_assignment.tests.BaseTest" name="@BeforeSuite setExtent" time="0.0">
    <skipped/>
  </testcase> <!-- @BeforeSuite setExtent -->
  <testcase classname="com.Selenium_assignment.tests.BaseTest" name="@BeforeMethod openurl" time="0.0">
    <skipped/>
  </testcase> <!-- @BeforeMethod openurl -->
  <testcase classname="com.Selenium_assignment.tests.BaseTest" name="@AfterMethod attachScreenshot" time="0.0">
    <skipped/>
  </testcase> <!-- @AfterMethod attachScreenshot -->
  <testcase classname="com.Selenium_assignment.tests.BaseTest" name="@AfterMethod endTest" time="0.0">
    <skipped/>
  </testcase> <!-- @AfterMethod endTest -->
  <testcase classname="com.Selenium_assignment.tests.HomePageTest" name="testAmazonLogo" time="0.0">
    <skipped/>
  </testcase> <!-- testAmazonLogo -->
  <testcase classname="com.Selenium_assignment.tests.BaseTest" name="@AfterSuite endReport" time="0.0">
    <ignored/>
  </testcase> <!-- @AfterSuite endReport -->
  <testcase classname="com.Selenium_assignment.tests.BaseTest" name="@AfterSuite endReport" time="0.0">
    <ignored/>
  </testcase> <!-- @AfterSuite endReport -->
  <testcase classname="com.Selenium_assignment.tests.BaseTest" name="@AfterSuite endReport" time="0.0">
    <ignored/>
  </testcase> <!-- @AfterSuite endReport -->
  <testcase classname="com.Selenium_assignment.tests.BaseTest" name="@AfterSuite endReport" time="0.0">
    <ignored/>
  </testcase> <!-- @AfterSuite endReport -->
  <testcase classname="com.Selenium_assignment.tests.BaseTest" name="@AfterSuite endReport" time="0.0">
    <ignored/>
  </testcase> <!-- @AfterSuite endReport -->
  <testcase classname="com.Selenium_assignment.tests.BaseTest" name="@AfterSuite endReport" time="0.0">
    <ignored/>
  </testcase> <!-- @AfterSuite endReport -->
  <testcase classname="com.Selenium_assignment.tests.BaseTest" name="@AfterSuite closeBrowser" time="0.0">
    <ignored/>
  </testcase> <!-- @AfterSuite closeBrowser -->
  <testcase classname="com.Selenium_assignment.tests.BaseTest" name="@AfterSuite closeBrowser" time="0.0">
    <ignored/>
  </testcase> <!-- @AfterSuite closeBrowser -->
  <testcase classname="com.Selenium_assignment.tests.BaseTest" name="@AfterSuite closeBrowser" time="0.0">
    <ignored/>
  </testcase> <!-- @AfterSuite closeBrowser -->
  <testcase classname="com.Selenium_assignment.tests.BaseTest" name="@AfterSuite closeBrowser" time="0.0">
    <ignored/>
  </testcase> <!-- @AfterSuite closeBrowser -->
  <testcase classname="com.Selenium_assignment.tests.BaseTest" name="@AfterSuite closeBrowser" time="0.0">
    <ignored/>
  </testcase> <!-- @AfterSuite closeBrowser -->
  <testcase classname="com.Selenium_assignment.tests.BaseTest" name="@AfterSuite closeBrowser" time="0.0">
    <ignored/>
  </testcase> <!-- @AfterSuite closeBrowser -->
  <testcase classname="com.Selenium_assignment.tests.BaseTest" name="@BeforeSuite setExtent" time="0.0">
    <ignored/>
  </testcase> <!-- @BeforeSuite setExtent -->
  <testcase classname="com.Selenium_assignment.tests.BaseTest" name="@BeforeSuite setExtent" time="0.0">
    <ignored/>
  </testcase> <!-- @BeforeSuite setExtent -->
  <testcase classname="com.Selenium_assignment.tests.BaseTest" name="@BeforeSuite setExtent" time="0.0">
    <ignored/>
  </testcase> <!-- @BeforeSuite setExtent -->
  <testcase classname="com.Selenium_assignment.tests.BaseTest" name="@BeforeSuite setExtent" time="0.0">
    <ignored/>
  </testcase> <!-- @BeforeSuite setExtent -->
  <testcase classname="com.Selenium_assignment.tests.BaseTest" name="@BeforeSuite setExtent" time="0.0">
    <ignored/>
  </testcase> <!-- @BeforeSuite setExtent -->
  <testcase classname="com.Selenium_assignment.tests.BaseTest" name="@BeforeSuite setExtent" time="0.0">
    <ignored/>
  </testcase> <!-- @BeforeSuite setExtent -->
  <testcase classname="com.Selenium_assignment.tests.BaseTest" name="@BeforeSuite initializeWebDriver" time="0.0">
    <ignored/>
  </testcase> <!-- @BeforeSuite initializeWebDriver -->
  <testcase classname="com.Selenium_assignment.tests.BaseTest" name="@BeforeSuite initializeWebDriver" time="0.0">
    <ignored/>
  </testcase> <!-- @BeforeSuite initializeWebDriver -->
  <testcase classname="com.Selenium_assignment.tests.BaseTest" name="@BeforeSuite initializeWebDriver" time="0.0">
    <ignored/>
  </testcase> <!-- @BeforeSuite initializeWebDriver -->
  <testcase classname="com.Selenium_assignment.tests.BaseTest" name="@BeforeSuite initializeWebDriver" time="0.0">
    <ignored/>
  </testcase> <!-- @BeforeSuite initializeWebDriver -->
  <testcase classname="com.Selenium_assignment.tests.BaseTest" name="@BeforeSuite initializeWebDriver" time="0.0">
    <ignored/>
  </testcase> <!-- @BeforeSuite initializeWebDriver -->
  <testcase classname="com.Selenium_assignment.tests.BaseTest" name="@BeforeSuite initializeWebDriver" time="0.0">
    <ignored/>
  </testcase> <!-- @BeforeSuite initializeWebDriver -->
</testsuite> <!-- Surefire test -->
