<?xml version="1.0" encoding="UTF-8"?>
<testsuite xmlns:xsi="http://www.w3.org/2001/XMLSchema-instance" xsi:noNamespaceSchemaLocation="https://maven.apache.org/surefire/maven-surefire-plugin/xsd/surefire-test-report.xsd" name="TestSuite" time="2.44" tests="8" errors="0" skipped="7" failures="1">
  <properties>
    <property name="sun.desktop" value="windows"/>
    <property name="awt.toolkit" value="sun.awt.windows.WToolkit"/>
    <property name="java.specification.version" value="11"/>
    <property name="sun.cpu.isalist" value="amd64"/>
    <property name="sun.jnu.encoding" value="Cp1252"/>
    <property name="java.class.path" value="C:\Users\tanugupta02\Downloads\Selenium_jenkins_try\Selenium_assignment\target\test-classes;C:\Users\tanugupta02\Downloads\Selenium_jenkins_try\Selenium_assignment\target\classes;C:\Users\tanugupta02\.m2\repository\org\testng\testng\6.14.3\testng-6.14.3.jar;C:\Users\tanugupta02\.m2\repository\com\beust\jcommander\1.72\jcommander-1.72.jar;C:\Users\tanugupta02\.m2\repository\org\apache-extras\beanshell\bsh\2.0b6\bsh-2.0b6.jar;C:\Users\tanugupta02\.m2\repository\org\seleniumhq\selenium\selenium-java\3.141.59\selenium-java-3.141.59.jar;C:\Users\tanugupta02\.m2\repository\org\seleniumhq\selenium\selenium-api\3.141.59\selenium-api-3.141.59.jar;C:\Users\tanugupta02\.m2\repository\org\seleniumhq\selenium\selenium-chrome-driver\3.141.59\selenium-chrome-driver-3.141.59.jar;C:\Users\tanugupta02\.m2\repository\org\seleniumhq\selenium\selenium-edge-driver\3.141.59\selenium-edge-driver-3.141.59.jar;C:\Users\tanugupta02\.m2\repository\org\seleniumhq\selenium\selenium-firefox-driver\3.141.59\selenium-firefox-driver-3.141.59.jar;C:\Users\tanugupta02\.m2\repository\org\seleniumhq\selenium\selenium-ie-driver\3.141.59\selenium-ie-driver-3.141.59.jar;C:\Users\tanugupta02\.m2\repository\org\seleniumhq\selenium\selenium-opera-driver\3.141.59\selenium-opera-driver-3.141.59.jar;C:\Users\tanugupta02\.m2\repository\org\seleniumhq\selenium\selenium-remote-driver\3.141.59\selenium-remote-driver-3.141.59.jar;C:\Users\tanugupta02\.m2\repository\org\seleniumhq\selenium\selenium-safari-driver\3.141.59\selenium-safari-driver-3.141.59.jar;C:\Users\tanugupta02\.m2\repository\org\seleniumhq\selenium\selenium-support\3.141.59\selenium-support-3.141.59.jar;C:\Users\tanugupta02\.m2\repository\net\bytebuddy\byte-buddy\1.8.15\byte-buddy-1.8.15.jar;C:\Users\tanugupta02\.m2\repository\org\apache\commons\commons-exec\1.3\commons-exec-1.3.jar;C:\Users\tanugupta02\.m2\repository\com\google\guava\guava\25.0-jre\guava-25.0-jre.jar;C:\Users\tanugupta02\.m2\repository\com\google\code\findbugs\jsr305\1.3.9\jsr305-1.3.9.jar;C:\Users\tanugupta02\.m2\repository\org\checkerframework\checker-compat-qual\2.0.0\checker-compat-qual-2.0.0.jar;C:\Users\tanugupta02\.m2\repository\com\google\errorprone\error_prone_annotations\2.1.3\error_prone_annotations-2.1.3.jar;C:\Users\tanugupta02\.m2\repository\com\google\j2objc\j2objc-annotations\1.1\j2objc-annotations-1.1.jar;C:\Users\tanugupta02\.m2\repository\org\codehaus\mojo\animal-sniffer-annotations\1.14\animal-sniffer-annotations-1.14.jar;C:\Users\tanugupta02\.m2\repository\com\squareup\okhttp3\okhttp\3.11.0\okhttp-3.11.0.jar;C:\Users\tanugupta02\.m2\repository\com\squareup\okio\okio\1.14.0\okio-1.14.0.jar;C:\Users\tanugupta02\.m2\repository\com\relevantcodes\extentreports\2.41.2\extentreports-2.41.2.jar;C:\Users\tanugupta02\.m2\repository\org\jsoup\jsoup\1.8.3\jsoup-1.8.3.jar;C:\Users\tanugupta02\.m2\repository\org\xerial\sqlite-jdbc\3.8.11.1\sqlite-jdbc-3.8.11.1.jar;C:\Users\tanugupta02\.m2\repository\org\freemarker\freemarker\2.3.23\freemarker-2.3.23.jar;C:\Users\tanugupta02\.m2\repository\org\mongodb\mongodb-driver\3.0.4\mongodb-driver-3.0.4.jar;C:\Users\tanugupta02\.m2\repository\org\mongodb\bson\3.0.4\bson-3.0.4.jar;C:\Users\tanugupta02\.m2\repository\org\mongodb\mongodb-driver-core\3.0.4\mongodb-driver-core-3.0.4.jar;C:\Users\tanugupta02\.m2\repository\commons-io\commons-io\2.11.0\commons-io-2.11.0.jar;C:\Users\tanugupta02\.m2\repository\log4j\log4j\1.2.17\log4j-1.2.17.jar;C:\Users\tanugupta02\.m2\repository\org\apache\logging\log4j\log4j-jcl\2.16.0\log4j-jcl-2.16.0.jar;C:\Users\tanugupta02\.m2\repository\commons-logging\commons-logging\1.2\commons-logging-1.2.jar;C:\Users\tanugupta02\.m2\repository\org\apache\logging\log4j\log4j-api\2.17.2\log4j-api-2.17.2.jar;C:\Users\tanugupta02\.m2\repository\org\apache\logging\log4j\log4j-core\2.17.2\log4j-core-2.17.2.jar;"/>
    <property name="java.vm.vendor" value="Oracle Corporation"/>
    <property name="sun.arch.data.model" value="64"/>
    <property name="user.variant" value=""/>
    <property name="java.vendor.url" value="http://java.oracle.com/"/>
    <property name="user.timezone" value="Asia/Calcutta"/>
    <property name="java.vm.specification.version" value="11"/>
    <property name="os.name" value="Windows 10"/>
    <property name="sun.java.launcher" value="SUN_STANDARD"/>
    <property name="user.country" value="IN"/>
    <property name="sun.boot.library.path" value="C:\.Net &amp; Java Software\Open JKD -11\bin"/>
    <property name="sun.java.command" value="C:\Users\TANUGU~1\AppData\Local\Temp\surefire662278535519366371\surefirebooter8515073285721608022.jar C:\Users\tanugupta02\AppData\Local\Temp\surefire662278535519366371 2022-05-29T12-19-48_714-jvmRun1 surefire2280695074573204847tmp surefire_010917043732159411490tmp"/>
    <property name="jdk.debug" value="release"/>
    <property name="surefire.test.class.path" value="C:\Users\tanugupta02\Downloads\Selenium_jenkins_try\Selenium_assignment\target\test-classes;C:\Users\tanugupta02\Downloads\Selenium_jenkins_try\Selenium_assignment\target\classes;C:\Users\tanugupta02\.m2\repository\org\testng\testng\6.14.3\testng-6.14.3.jar;C:\Users\tanugupta02\.m2\repository\com\beust\jcommander\1.72\jcommander-1.72.jar;C:\Users\tanugupta02\.m2\repository\org\apache-extras\beanshell\bsh\2.0b6\bsh-2.0b6.jar;C:\Users\tanugupta02\.m2\repository\org\seleniumhq\selenium\selenium-java\3.141.59\selenium-java-3.141.59.jar;C:\Users\tanugupta02\.m2\repository\org\seleniumhq\selenium\selenium-api\3.141.59\selenium-api-3.141.59.jar;C:\Users\tanugupta02\.m2\repository\org\seleniumhq\selenium\selenium-chrome-driver\3.141.59\selenium-chrome-driver-3.141.59.jar;C:\Users\tanugupta02\.m2\repository\org\seleniumhq\selenium\selenium-edge-driver\3.141.59\selenium-edge-driver-3.141.59.jar;C:\Users\tanugupta02\.m2\repository\org\seleniumhq\selenium\selenium-firefox-driver\3.141.59\selenium-firefox-driver-3.141.59.jar;C:\Users\tanugupta02\.m2\repository\org\seleniumhq\selenium\selenium-ie-driver\3.141.59\selenium-ie-driver-3.141.59.jar;C:\Users\tanugupta02\.m2\repository\org\seleniumhq\selenium\selenium-opera-driver\3.141.59\selenium-opera-driver-3.141.59.jar;C:\Users\tanugupta02\.m2\repository\org\seleniumhq\selenium\selenium-remote-driver\3.141.59\selenium-remote-driver-3.141.59.jar;C:\Users\tanugupta02\.m2\repository\org\seleniumhq\selenium\selenium-safari-driver\3.141.59\selenium-safari-driver-3.141.59.jar;C:\Users\tanugupta02\.m2\repository\org\seleniumhq\selenium\selenium-support\3.141.59\selenium-support-3.141.59.jar;C:\Users\tanugupta02\.m2\repository\net\bytebuddy\byte-buddy\1.8.15\byte-buddy-1.8.15.jar;C:\Users\tanugupta02\.m2\repository\org\apache\commons\commons-exec\1.3\commons-exec-1.3.jar;C:\Users\tanugupta02\.m2\repository\com\google\guava\guava\25.0-jre\guava-25.0-jre.jar;C:\Users\tanugupta02\.m2\repository\com\google\code\findbugs\jsr305\1.3.9\jsr305-1.3.9.jar;C:\Users\tanugupta02\.m2\repository\org\checkerframework\checker-compat-qual\2.0.0\checker-compat-qual-2.0.0.jar;C:\Users\tanugupta02\.m2\repository\com\google\errorprone\error_prone_annotations\2.1.3\error_prone_annotations-2.1.3.jar;C:\Users\tanugupta02\.m2\repository\com\google\j2objc\j2objc-annotations\1.1\j2objc-annotations-1.1.jar;C:\Users\tanugupta02\.m2\repository\org\codehaus\mojo\animal-sniffer-annotations\1.14\animal-sniffer-annotations-1.14.jar;C:\Users\tanugupta02\.m2\repository\com\squareup\okhttp3\okhttp\3.11.0\okhttp-3.11.0.jar;C:\Users\tanugupta02\.m2\repository\com\squareup\okio\okio\1.14.0\okio-1.14.0.jar;C:\Users\tanugupta02\.m2\repository\com\relevantcodes\extentreports\2.41.2\extentreports-2.41.2.jar;C:\Users\tanugupta02\.m2\repository\org\jsoup\jsoup\1.8.3\jsoup-1.8.3.jar;C:\Users\tanugupta02\.m2\repository\org\xerial\sqlite-jdbc\3.8.11.1\sqlite-jdbc-3.8.11.1.jar;C:\Users\tanugupta02\.m2\repository\org\freemarker\freemarker\2.3.23\freemarker-2.3.23.jar;C:\Users\tanugupta02\.m2\repository\org\mongodb\mongodb-driver\3.0.4\mongodb-driver-3.0.4.jar;C:\Users\tanugupta02\.m2\repository\org\mongodb\bson\3.0.4\bson-3.0.4.jar;C:\Users\tanugupta02\.m2\repository\org\mongodb\mongodb-driver-core\3.0.4\mongodb-driver-core-3.0.4.jar;C:\Users\tanugupta02\.m2\repository\commons-io\commons-io\2.11.0\commons-io-2.11.0.jar;C:\Users\tanugupta02\.m2\repository\log4j\log4j\1.2.17\log4j-1.2.17.jar;C:\Users\tanugupta02\.m2\repository\org\apache\logging\log4j\log4j-jcl\2.16.0\log4j-jcl-2.16.0.jar;C:\Users\tanugupta02\.m2\repository\commons-logging\commons-logging\1.2\commons-logging-1.2.jar;C:\Users\tanugupta02\.m2\repository\org\apache\logging\log4j\log4j-api\2.17.2\log4j-api-2.17.2.jar;C:\Users\tanugupta02\.m2\repository\org\apache\logging\log4j\log4j-core\2.17.2\log4j-core-2.17.2.jar;"/>
    <property name="sun.cpu.endian" value="little"/>
    <property name="user.home" value="C:\Users\tanugupta02"/>
    <property name="user.language" value="en"/>
    <property name="java.specification.vendor" value="Oracle Corporation"/>
    <property name="java.version.date" value="2018-10-16"/>
    <property name="java.home" value="C:\.Net &amp; Java Software\Open JKD -11"/>
    <property name="file.separator" value="\"/>
    <property name="basedir" value="C:\Users\tanugupta02\Downloads\Selenium_jenkins_try\Selenium_assignment"/>
    <property name="java.vm.compressedOopsMode" value="Zero based"/>
    <property name="line.separator" value="&#10;"/>
    <property name="java.specification.name" value="Java Platform API Specification"/>
    <property name="java.vm.specification.vendor" value="Oracle Corporation"/>
    <property name="java.awt.graphicsenv" value="sun.awt.Win32GraphicsEnvironment"/>
    <property name="surefire.real.class.path" value="C:\Users\TANUGU~1\AppData\Local\Temp\surefire662278535519366371\surefirebooter8515073285721608022.jar"/>
    <property name="user.script" value=""/>
    <property name="sun.management.compiler" value="HotSpot 64-Bit Tiered Compilers"/>
    <property name="java.runtime.version" value="11.0.1+13"/>
    <property name="user.name" value="tanugupta02"/>
    <property name="path.separator" value=";"/>
    <property name="os.version" value="10.0"/>
    <property name="java.runtime.name" value="OpenJDK Runtime Environment"/>
    <property name="file.encoding" value="Cp1252"/>
    <property name="java.vm.name" value="OpenJDK 64-Bit Server VM"/>
    <property name="java.vendor.version" value="18.9"/>
    <property name="localRepository" value="C:\Users\tanugupta02\.m2\repository"/>
    <property name="java.vendor.url.bug" value="http://bugreport.java.com/bugreport/"/>
    <property name="java.io.tmpdir" value="C:\Users\TANUGU~1\AppData\Local\Temp\"/>
    <property name="java.version" value="11.0.1"/>
    <property name="user.dir" value="C:\Users\tanugupta02\Downloads\Selenium_jenkins_try\Selenium_assignment"/>
    <property name="os.arch" value="amd64"/>
    <property name="java.vm.specification.name" value="Java Virtual Machine Specification"/>
    <property name="java.awt.printerjob" value="sun.awt.windows.WPrinterJob"/>
    <property name="sun.os.patch.level" value=""/>
    <property name="java.library.path" value="C:\.Net &amp; Java Software\Open JKD -11\bin;C:\WINDOWS\Sun\Java\bin;C:\WINDOWS\system32;C:\WINDOWS;C:\Program Files\Python310\Scripts\;C:\Program Files\Python310\;C:\Program Files\Common Files\Oracle\Java\javapath;C:\Program Files\Microsoft MPI\Bin\;C:\Windows\system32;C:\Windows;C:\Windows\System32\Wbem;C:\Windows\System32\WindowsPowerShell\v1.0\;C:\Windows\System32\OpenSSH\;C:\Program Files\TortoiseSVN\bin;C:\.Net &amp; Java Software\Open JKD -11bin;C:\Program Files\dotnet\;C:\Program Files\nodejs\;C:\Program Files (x86)\Microsoft SQL Server\150\DTS\Binn\;C:\Program Files\Azure Data Studio\bin;C:\Program Files\Microsoft SQL Server\130\Tools\Binn\;C:\Program Files\Microsoft SQL Server\Client SDK\ODBC\170\Tools\Binn\;C:\Program Files (x86)\Microsoft SQL Server\140\Tools\Binn\;C:\Program Files\Microsoft SQL Server\140\Tools\Binn\;C:\Program Files (x86)\Microsoft SQL Server\140\DTS\Binn\;C:\Program Files\Microsoft SQL Server\140\DTS\Binn\;C:\Program Files\Microsoft SQL Server\Client SDK\ODBC\130\Tools\Binn\;C:\WINDOWS\system32;C:\WINDOWS;C:\WINDOWS\System32\Wbem;C:\WINDOWS\System32\WindowsPowerShell\v1.0\;C:\WINDOWS\System32\OpenSSH\;C:\apache-maven-3.8.4\bin;C:\Program Files (x86)\dotnet\;C:\Users\tanugupta02\AppData\Local\Android\Sdk\platform-tools;C:\Program Files\Git\cmd;C:\Users\tanugupta02\AppData\Local\Microsoft\WindowsApps;C:\Users\tanugupta02\.dotnet\tools;C:\Users\tanugupta02\AppData\Roaming\npm;C:\Users\tanugupta02\AppData\Local\Programs\Microsoft VS Code\bin;C:\Users\tanugupta02\AppData\Roaming\Python\Python310\Scripts;C:\Users\tanugupta02\AppData\Roaming\Python\Python310;C:\Users\tanugupta02\Downloads\geckodriver-v0.31.0-win64;."/>
    <property name="java.vendor" value="Oracle Corporation"/>
    <property name="java.vm.info" value="mixed mode"/>
    <property name="java.vm.version" value="11.0.1+13"/>
    <property name="sun.io.unicode.encoding" value="UnicodeLittle"/>
    <property name="java.class.version" value="55.0"/>
  </properties>
  <testcase name="initializeWebDriver" classname="com.Selenium_assignment.tests.BaseTest" time="2.303">
    <failure message="session not created: This version of ChromeDriver only supports Chrome version 98&#10;Current browser version is 101.0.4951.67 with binary path C:\Users\tanugupta02\AppData\Local\Google\Chrome\Application\chrome.exe&#10;Build info: version: &apos;3.141.59&apos;, revision: &apos;e82be7d358&apos;, time: &apos;2018-11-14T08:17:03&apos;&#10;System info: host: &apos;IN-PG02P5S6&apos;, ip: &apos;192.168.1.5&apos;, os.name: &apos;Windows 10&apos;, os.arch: &apos;amd64&apos;, os.version: &apos;10.0&apos;, java.version: &apos;11.0.1&apos;&#10;Driver info: driver.version: ChromeDriver&#10;remote stacktrace: Backtrace:&#10;	Ordinal0 [0x00BD69A3+2582947]&#10;	Ordinal0 [0x00B6A6D1+2139857]&#10;	Ordinal0 [0x00A63A98+1063576]&#10;	Ordinal0 [0x00A833B8+1192888]&#10;	Ordinal0 [0x00A7F235+1176117]&#10;	Ordinal0 [0x00A7C9E1+1165793]&#10;	Ordinal0 [0x00AACFFF+1363967]&#10;	Ordinal0 [0x00AACC2A+1362986]&#10;	Ordinal0 [0x00AA8366+1344358]&#10;	Ordinal0 [0x00A85176+1200502]&#10;	Ordinal0 [0x00A86066+1204326]&#10;	GetHandleVerifier [0x00D7BE02+1675858]&#10;	GetHandleVerifier [0x00E3036C+2414524]&#10;	GetHandleVerifier [0x00C6BB01+560977]&#10;	GetHandleVerifier [0x00C6A8D3+556323]&#10;	Ordinal0 [0x00B7020E+2163214]&#10;	Ordinal0 [0x00B75078+2183288]&#10;	Ordinal0 [0x00B751C0+2183616]&#10;	Ordinal0 [0x00B7EE1C+2223644]&#10;	BaseThreadInitThunk [0x75A06739+25]&#10;	RtlGetFullPathName_UEx [0x775C8FEF+1215]&#10;	RtlGetFullPathName_UEx [0x775C8FBD+1165]&#10;" type="org.openqa.selenium.SessionNotCreatedException">org.openqa.selenium.SessionNotCreatedException: 
session not created: This version of ChromeDriver only supports Chrome version 98
Current browser version is 101.0.4951.67 with binary path C:\Users\tanugupta02\AppData\Local\Google\Chrome\Application\chrome.exe
Build info: version: '3.141.59', revision: 'e82be7d358', time: '2018-11-14T08:17:03'
System info: host: 'IN-PG02P5S6', ip: '192.168.1.5', os.name: 'Windows 10', os.arch: 'amd64', os.version: '10.0', java.version: '11.0.1'
Driver info: driver.version: ChromeDriver
remote stacktrace: Backtrace:
	Ordinal0 [0x00BD69A3+2582947]
	Ordinal0 [0x00B6A6D1+2139857]
	Ordinal0 [0x00A63A98+1063576]
	Ordinal0 [0x00A833B8+1192888]
	Ordinal0 [0x00A7F235+1176117]
	Ordinal0 [0x00A7C9E1+1165793]
	Ordinal0 [0x00AACFFF+1363967]
	Ordinal0 [0x00AACC2A+1362986]
	Ordinal0 [0x00AA8366+1344358]
	Ordinal0 [0x00A85176+1200502]
	Ordinal0 [0x00A86066+1204326]
	GetHandleVerifier [0x00D7BE02+1675858]
	GetHandleVerifier [0x00E3036C+2414524]
	GetHandleVerifier [0x00C6BB01+560977]
	GetHandleVerifier [0x00C6A8D3+556323]
	Ordinal0 [0x00B7020E+2163214]
	Ordinal0 [0x00B75078+2183288]
	Ordinal0 [0x00B751C0+2183616]
	Ordinal0 [0x00B7EE1C+2223644]
	BaseThreadInitThunk [0x75A06739+25]
	RtlGetFullPathName_UEx [0x775C8FEF+1215]
	RtlGetFullPathName_UEx [0x775C8FBD+1165]

	at com.Selenium_assignment.tests.BaseTest.initializeWebDriver(BaseTest.java:85)
</failure>
    <system-err><![CDATA[Starting ChromeDriver 98.0.4758.102 (273bf7ac8c909cde36982d27f66f3c70846a3718-refs/branch-heads/4758@{#1151}) on port 23402
Only local connections are allowed.
Please see https://chromedriver.chromium.org/security-considerations for suggestions on keeping ChromeDriver safe.
ChromeDriver was started successfully.
]]></system-err>
  </testcase>
  <testcase name="setExtent" classname="com.Selenium_assignment.tests.BaseTest" time="0">
    <skipped/>
  </testcase>
  <testcase name="openurl" classname="com.Selenium_assignment.tests.HomePageTest" time="0">
    <skipped/>
  </testcase>
  <testcase name="testAmazonLogo" classname="com.Selenium_assignment.tests.HomePageTest" time="0">
    <skipped message="session not created: This version of ChromeDriver only supports Chrome version 98&#10;Current browser version is 101.0.4951.67 with binary path C:\Users\tanugupta02\AppData\Local\Google\Chrome\Application\chrome.exe&#10;Build info: version: &apos;3.141.59&apos;, revision: &apos;e82be7d358&apos;, time: &apos;2018-11-14T08:17:03&apos;&#10;System info: host: &apos;IN-PG02P5S6&apos;, ip: &apos;192.168.1.5&apos;, os.name: &apos;Windows 10&apos;, os.arch: &apos;amd64&apos;, os.version: &apos;10.0&apos;, java.version: &apos;11.0.1&apos;&#10;Driver info: driver.version: ChromeDriver&#10;remote stacktrace: Backtrace:&#10;	Ordinal0 [0x00BD69A3+2582947]&#10;	Ordinal0 [0x00B6A6D1+2139857]&#10;	Ordinal0 [0x00A63A98+1063576]&#10;	Ordinal0 [0x00A833B8+1192888]&#10;	Ordinal0 [0x00A7F235+1176117]&#10;	Ordinal0 [0x00A7C9E1+1165793]&#10;	Ordinal0 [0x00AACFFF+1363967]&#10;	Ordinal0 [0x00AACC2A+1362986]&#10;	Ordinal0 [0x00AA8366+1344358]&#10;	Ordinal0 [0x00A85176+1200502]&#10;	Ordinal0 [0x00A86066+1204326]&#10;	GetHandleVerifier [0x00D7BE02+1675858]&#10;	GetHandleVerifier [0x00E3036C+2414524]&#10;	GetHandleVerifier [0x00C6BB01+560977]&#10;	GetHandleVerifier [0x00C6A8D3+556323]&#10;	Ordinal0 [0x00B7020E+2163214]&#10;	Ordinal0 [0x00B75078+2183288]&#10;	Ordinal0 [0x00B751C0+2183616]&#10;	Ordinal0 [0x00B7EE1C+2223644]&#10;	BaseThreadInitThunk [0x75A06739+25]&#10;	RtlGetFullPathName_UEx [0x775C8FEF+1215]&#10;	RtlGetFullPathName_UEx [0x775C8FBD+1165]&#10;"/>
  </testcase>
  <testcase name="attachScreenshot" classname="com.Selenium_assignment.tests.HomePageTest" time="0">
    <skipped/>
  </testcase>
  <testcase name="endTest" classname="com.Selenium_assignment.tests.HomePageTest" time="0">
    <skipped/>
  </testcase>
  <testcase name="closeBrowser" classname="com.Selenium_assignment.tests.BaseTest" time="0">
    <skipped/>
  </testcase>
  <testcase name="endReport" classname="com.Selenium_assignment.tests.BaseTest" time="0">
    <skipped/>
  </testcase>
</testsuite>