<!DOCTYPE html PUBLIC "-//W3C//DTD XHTML 1.1//EN" "https://www.w3.org/TR/xhtml11/DTD/xhtml11.dtd">
<html xmlns="https://www.w3.org/1999/xhtml">
<head>
<meta http-equiv="content-type" content="text/html; charset=UTF-8"/>
<title>TestNG Report</title>
<style type="text/css">table {margin-bottom:10px;border-collapse:collapse;empty-cells:show}th,td {border:1px solid #009;padding:.25em .5em}th {vertical-align:bottom}td {vertical-align:top}table a {font-weight:bold}.stripe td {background-color: #E6EBF9}.num {text-align:right}.passedodd td {background-color: #3F3}.passedeven td {background-color: #0A0}.skippedodd td {background-color: #DDD}.skippedeven td {background-color: #CCC}.failedodd td,.attn {background-color: #F33}.failedeven td,.stripe .attn {background-color: #D00}.stacktrace {white-space:pre;font-family:monospace}.totop {font-size:85%;text-align:center;border-bottom:2px solid #000}.invisible {display:none}</style>
</head>
<body>
<table>
<tr><th>Test</th><th># Passed</th><th># Skipped</th><th># Retried</th><th># Failed</th><th>Time (ms)</th><th>Included Groups</th><th>Excluded Groups</th></tr>
<tr><th colspan="8">Suite</th></tr>
<tr><td><a href="#t0">Test</a></td><td class="num">15</td><td class="num">0</td><td class="num">0</td><td class="num attn">2</td><td class="num">77,107</td><td></td><td></td></tr>
</table>
<table id='summary'><thead><tr><th>Class</th><th>Method</th><th>Start</th><th>Time (ms)</th></tr></thead><tbody><tr><th colspan="4">Suite</th></tr></tbody><tbody id="t0"><tr><th colspan="4">Test &#8212; failed</th></tr><tr class="failedeven"><td rowspan="1">com.Selenium_assignment.tests.HomePageTest</td><td><a href="#m0">chooseFashion</a></td><td rowspan="1">1646474747441</td><td rowspan="1">5062</td></tr><tr class="failedodd"><td rowspan="1">com.Selenium_assignment.tests.productsearchTest</td><td><a href="#m1">SearchProductfootball</a></td><td rowspan="1">1646474787423</td><td rowspan="1">9193</td></tr><tr><th colspan="4">Test &#8212; passed</th></tr><tr class="passedeven"><td rowspan="2">com.Selenium_assignment.tests.ChooseLanguageTest</td><td><a href="#m2">ChooseEnglishLanguage</a></td><td rowspan="1">1646474808996</td><td rowspan="1">444</td></tr><tr class="passedeven"><td><a href="#m3">ChooseHindiLanguage</a></td><td rowspan="1">1646474806586</td><td rowspan="1">452</td></tr><tr class="passedodd"><td rowspan="2">com.Selenium_assignment.tests.FooterPageTest</td><td><a href="#m4">clickfb</a></td><td rowspan="1">1646474801683</td><td rowspan="1">3447</td></tr><tr class="passedodd"><td><a href="#m5">clickhelp</a></td><td rowspan="1">1646474798021</td><td rowspan="1">2358</td></tr><tr class="passedeven"><td rowspan="4">com.Selenium_assignment.tests.HomePageTest</td><td><a href="#m6">ClickNextSlide</a></td><td rowspan="1">1646474741436</td><td rowspan="1">458</td></tr><tr class="passedeven"><td><a href="#m7">Dropdown</a></td><td rowspan="1">1646474743155</td><td rowspan="1">224</td></tr><tr class="passedeven"><td><a href="#m8">clickReturn</a></td><td rowspan="1">1646474744568</td><td rowspan="1">1501</td></tr><tr class="passedeven"><td><a href="#m9">testAmazonLogo</a></td><td rowspan="1">1646474738356</td><td rowspan="1">1874</td></tr><tr class="passedodd"><td rowspan="5">com.Selenium_assignment.tests.LoginPageTest</td><td><a href="#m10">Logblankuser</a></td><td rowspan="1">1646474776987</td><td rowspan="1">1355</td></tr><tr class="passedodd"><td><a href="#m11">LoginValidmailid</a></td><td rowspan="1">1646474760082</td><td rowspan="1">4471</td></tr><tr class="passedodd"><td><a href="#m12">Loginblankpass</a></td><td rowspan="1">1646474780123</td><td rowspan="1">2857</td></tr><tr class="passedodd"><td><a href="#m13">LogininValidPassword</a></td><td rowspan="1">1646474769294</td><td rowspan="1">5806</td></tr><tr class="passedodd"><td><a href="#m14">Loginvalidmailid</a></td><td rowspan="1">1646474765862</td><td rowspan="1">1721</td></tr><tr class="passedeven"><td rowspan="1">com.Selenium_assignment.tests.RegisterPageTest</td><td><a href="#m15">CreateNewuser</a></td><td rowspan="1">1646474753906</td><td rowspan="1">4657</td></tr><tr class="passedodd"><td rowspan="1">com.Selenium_assignment.tests.productsearchTest</td><td><a href="#m16">SearchProductiphone</a></td><td rowspan="1">1646474784162</td><td rowspan="1">2045</td></tr></tbody>
</table>
<h2>Test</h2><h3 id="m0">com.Selenium_assignment.tests.HomePageTest#chooseFashion</h3><table class="result"><tr><th>Exception</th></tr><tr><td><div class="stacktrace">org.openqa.selenium.ElementNotInteractableException: element not interactable
  (Session info: headless chrome=99.0.4844.51)
Build info: version: &apos;3.141.59&apos;, revision: &apos;e82be7d358&apos;, time: &apos;2018-11-14T08:17:03&apos;
System info: host: &apos;IN-PG02P5S6&apos;, ip: &apos;192.168.1.4&apos;, os.name: &apos;Windows 10&apos;, os.arch: &apos;amd64&apos;, os.version: &apos;10.0&apos;, java.version: &apos;11.0.1&apos;
Driver info: org.openqa.selenium.chrome.ChromeDriver
Capabilities {acceptInsecureCerts: false, browserName: chrome, browserVersion: 99.0.4844.51, chrome: {chromedriverVersion: 98.0.4758.102 (273bf7ac8c90..., userDataDir: C:\Users\TANUGU~1\AppData\L...}, goog:chromeOptions: {debuggerAddress: localhost:58299}, javascriptEnabled: true, networkConnectionEnabled: false, pageLoadStrategy: normal, platform: WINDOWS, platformName: WINDOWS, proxy: Proxy(), setWindowRect: true, strictFileInteractability: false, timeouts: {implicit: 0, pageLoad: 300000, script: 30000}, unhandledPromptBehavior: dismiss and notify, webauthn:extension:credBlob: true, webauthn:extension:largeBlob: true, webauthn:virtualAuthenticators: true}
Session ID: b74fb3d23e1b4d7aa06813c7cfd2f9a7
	at org.openqa.selenium.remote.http.W3CHttpResponseCodec.createException(W3CHttpResponseCodec.java:187)
	at org.openqa.selenium.remote.http.W3CHttpResponseCodec.decode(W3CHttpResponseCodec.java:122)
	at org.openqa.selenium.remote.http.W3CHttpResponseCodec.decode(W3CHttpResponseCodec.java:49)
	at org.openqa.selenium.remote.HttpCommandExecutor.execute(HttpCommandExecutor.java:158)
	at org.openqa.selenium.remote.service.DriverCommandExecutor.execute(DriverCommandExecutor.java:83)
	at org.openqa.selenium.remote.RemoteWebDriver.execute(RemoteWebDriver.java:552)
	at org.openqa.selenium.remote.RemoteWebElement.execute(RemoteWebElement.java:285)
	at org.openqa.selenium.remote.RemoteWebElement.click(RemoteWebElement.java:84)
	at org.openqa.selenium.support.pagefactory.internal.LocatingElementHandler.invoke(LocatingElementHandler.java:51)
	at com.sun.proxy.$Proxy15.click(Unknown Source)
	at com.Selenium_assignment.pages.HomePage.clicknavbarFashion(HomePage.java:74)
	at com.Selenium_assignment.tests.HomePageTest.chooseFashion(HomePageTest.java:74)
	at java.base/java.util.ArrayList.forEach(ArrayList.java:1540)
... Removed 35 stack frames</div></td></tr></table><p class="totop"><a href="#summary">back to summary</a></p>
<h3 id="m1">com.Selenium_assignment.tests.productsearchTest#SearchProductfootball</h3><table class="result"><tr><th>Exception</th></tr><tr><td><div class="stacktrace">org.openqa.selenium.NoSuchElementException: no such element: Unable to locate element: {&quot;method&quot;:&quot;xpath&quot;,&quot;selector&quot;:&quot;//*[@id=&quot;search&quot;]/div[1]/div[1]/div/span[3]/div[2]/div[9]/div/div/div/div/div/div[2]/div/div/div[1]/h2/a/span&quot;}
  (Session info: headless chrome=99.0.4844.51)
For documentation on this error, please visit: https://www.seleniumhq.org/exceptions/no_such_element.html
Build info: version: &apos;3.141.59&apos;, revision: &apos;e82be7d358&apos;, time: &apos;2018-11-14T08:17:03&apos;
System info: host: &apos;IN-PG02P5S6&apos;, ip: &apos;192.168.1.4&apos;, os.name: &apos;Windows 10&apos;, os.arch: &apos;amd64&apos;, os.version: &apos;10.0&apos;, java.version: &apos;11.0.1&apos;
Driver info: org.openqa.selenium.chrome.ChromeDriver
Capabilities {acceptInsecureCerts: false, browserName: chrome, browserVersion: 99.0.4844.51, chrome: {chromedriverVersion: 98.0.4758.102 (273bf7ac8c90..., userDataDir: C:\Users\TANUGU~1\AppData\L...}, goog:chromeOptions: {debuggerAddress: localhost:58299}, javascriptEnabled: true, networkConnectionEnabled: false, pageLoadStrategy: normal, platform: WINDOWS, platformName: WINDOWS, proxy: Proxy(), setWindowRect: true, strictFileInteractability: false, timeouts: {implicit: 0, pageLoad: 300000, script: 30000}, unhandledPromptBehavior: dismiss and notify, webauthn:extension:credBlob: true, webauthn:extension:largeBlob: true, webauthn:virtualAuthenticators: true}
Session ID: b74fb3d23e1b4d7aa06813c7cfd2f9a7
*** Element info: {Using=xpath, value=//*[@id=&quot;search&quot;]/div[1]/div[1]/div/span[3]/div[2]/div[9]/div/div/div/div/div/div[2]/div/div/div[1]/h2/a/span}
	at org.openqa.selenium.remote.http.W3CHttpResponseCodec.createException(W3CHttpResponseCodec.java:187)
	at org.openqa.selenium.remote.http.W3CHttpResponseCodec.decode(W3CHttpResponseCodec.java:122)
	at org.openqa.selenium.remote.http.W3CHttpResponseCodec.decode(W3CHttpResponseCodec.java:49)
	at org.openqa.selenium.remote.HttpCommandExecutor.execute(HttpCommandExecutor.java:158)
	at org.openqa.selenium.remote.service.DriverCommandExecutor.execute(DriverCommandExecutor.java:83)
	at org.openqa.selenium.remote.RemoteWebDriver.execute(RemoteWebDriver.java:552)
	at org.openqa.selenium.remote.RemoteWebDriver.findElement(RemoteWebDriver.java:323)
	at org.openqa.selenium.remote.RemoteWebDriver.findElementByXPath(RemoteWebDriver.java:428)
	at org.openqa.selenium.By$ByXPath.findElement(By.java:353)
	at org.openqa.selenium.remote.RemoteWebDriver.findElement(RemoteWebDriver.java:315)
	at org.openqa.selenium.support.pagefactory.DefaultElementLocator.findElement(DefaultElementLocator.java:69)
	at org.openqa.selenium.support.pagefactory.internal.LocatingElementHandler.invoke(LocatingElementHandler.java:38)
	at com.sun.proxy.$Proxy15.click(Unknown Source)
	at com.Selenium_assignment.pages.productsearch.chooseproduct(productsearch.java:51)
	at com.Selenium_assignment.tests.productsearchTest.SearchProductfootball(productsearchTest.java:36)
	at java.base/java.util.ArrayList.forEach(ArrayList.java:1540)
... Removed 31 stack frames</div></td></tr></table><p class="totop"><a href="#summary">back to summary</a></p>
<h3 id="m2">com.Selenium_assignment.tests.ChooseLanguageTest#ChooseEnglishLanguage</h3><table class="result"><tr><th class="invisible"/></tr></table><p class="totop"><a href="#summary">back to summary</a></p>
<h3 id="m3">com.Selenium_assignment.tests.ChooseLanguageTest#ChooseHindiLanguage</h3><table class="result"><tr><th class="invisible"/></tr></table><p class="totop"><a href="#summary">back to summary</a></p>
<h3 id="m4">com.Selenium_assignment.tests.FooterPageTest#clickfb</h3><table class="result"><tr><th class="invisible"/></tr></table><p class="totop"><a href="#summary">back to summary</a></p>
<h3 id="m5">com.Selenium_assignment.tests.FooterPageTest#clickhelp</h3><table class="result"><tr><th class="invisible"/></tr></table><p class="totop"><a href="#summary">back to summary</a></p>
<h3 id="m6">com.Selenium_assignment.tests.HomePageTest#ClickNextSlide</h3><table class="result"><tr><th class="invisible"/></tr></table><p class="totop"><a href="#summary">back to summary</a></p>
<h3 id="m7">com.Selenium_assignment.tests.HomePageTest#Dropdown</h3><table class="result"><tr><th class="invisible"/></tr></table><p class="totop"><a href="#summary">back to summary</a></p>
<h3 id="m8">com.Selenium_assignment.tests.HomePageTest#clickReturn</h3><table class="result"><tr><th class="invisible"/></tr></table><p class="totop"><a href="#summary">back to summary</a></p>
<h3 id="m9">com.Selenium_assignment.tests.HomePageTest#testAmazonLogo</h3><table class="result"><tr><th class="invisible"/></tr></table><p class="totop"><a href="#summary">back to summary</a></p>
<h3 id="m10">com.Selenium_assignment.tests.LoginPageTest#Logblankuser</h3><table class="result"><tr><th class="invisible"/></tr></table><p class="totop"><a href="#summary">back to summary</a></p>
<h3 id="m11">com.Selenium_assignment.tests.LoginPageTest#LoginValidmailid</h3><table class="result"><tr><th class="invisible"/></tr></table><p class="totop"><a href="#summary">back to summary</a></p>
<h3 id="m12">com.Selenium_assignment.tests.LoginPageTest#Loginblankpass</h3><table class="result"><tr><th class="invisible"/></tr></table><p class="totop"><a href="#summary">back to summary</a></p>
<h3 id="m13">com.Selenium_assignment.tests.LoginPageTest#LogininValidPassword</h3><table class="result"><tr><th class="invisible"/></tr></table><p class="totop"><a href="#summary">back to summary</a></p>
<h3 id="m14">com.Selenium_assignment.tests.LoginPageTest#Loginvalidmailid</h3><table class="result"><tr><th class="invisible"/></tr></table><p class="totop"><a href="#summary">back to summary</a></p>
<h3 id="m15">com.Selenium_assignment.tests.RegisterPageTest#CreateNewuser</h3><table class="result"><tr><th class="invisible"/></tr></table><p class="totop"><a href="#summary">back to summary</a></p>
<h3 id="m16">com.Selenium_assignment.tests.productsearchTest#SearchProductiphone</h3><table class="result"><tr><th class="invisible"/></tr></table><p class="totop"><a href="#summary">back to summary</a></p>
</body>
</html>
